Diagnose log at 2026-07-01T22:05:37Z

AppPath: C:\Program Files\Git\mingw64\bin\git-credential-manager.exe
InstallDir: C:\Program Files\Git\mingw64\bin\
Version: 2.8.0+d5e8a3442d48cc5efe7014e093e44242c0bd395f

------------
Diagnostic: Environment
Skipped: False
Success: True
Exception: None
Log:
OSType: Windows
OSVersion: 10.0 (build 26200)
Reading environment variables... OK
 Variables:
SystemDrive=C:
ProgramFiles(x86)=C:\Program Files (x86)
MSYSTEM=MINGW64
ProgramW6432=C:\Program Files
PROCESSOR_IDENTIFIER=Intel64 Family 6 Model 141 Stepping 1, GenuineIntel
VBOX_MSI_INSTALL_PATH=C:\Program Files\Oracle\VirtualBox\
TMP=C:\Users\PUTRI\AppData\Local\Temp
PROCESSOR_ARCHITECTURE=AMD64
Path=C:/Program Files/Git/mingw64/libexec/git-core;C:\Program Files\Git\mingw64\bin;C:\Program Files\Git\usr\bin;C:\Users\PUTRI\bin;C:\Program Files\Common Files\Oracle\Java\javapath;C:\Program Files (x86)\VMware\VMware Workstation\bin\;C:\Windows\system32;C:\Windows;C:\Windows\System32\Wbem;C:\Windows\System32\WindowsPowerShell\v1.0\;C:\Windows\System32\OpenSSH\;C:\Program Files (x86)\NVIDIA Corporation\PhysX\Common;C:\Program Files\Microsoft SQL Server\150\Tools\Binn\;C:\Program Files\Microsoft SQL Server\Client SDK\ODBC\170\Tools\Binn\;C:\Program Files\dotnet\;C:\Program Files (x86)\IncrediBuild;C:\laragon\bin\php\php-8.3.12-Win32-vs16-x64;C:\Program Files (x86)\GtkSharp\2.12\bin;C:\WINDOWS\system32;C:\WINDOWS;C:\WINDOWS\System32\Wbem;C:\WINDOWS\System32\WindowsPowerShell\v1.0\;C:\WINDOWS\System32\OpenSSH\;C:\ProgramData\ComposerSetup\bin;C:\Program Files\nodejs\;C:\Program Files\PuTTY\;C:\Program Files\Java\jdk-17\bin;C:\Program Files\Docker\Docker\resources\bin;C:\Program Files\NVIDIA Corporation\NVIDIA App\NvDLISR;C:\Program Files\Git\cmd;C:\laragon\bin;C:\laragon\bin\apache\httpd-2.4.54-win64-VS16\bin;C:\laragon\bin\composer;C:\laragon\bin\git\bin;C:\laragon\bin\git\cmd;C:\laragon\bin\git\mingw64\bin;C:\laragon\bin\git\usr\bin;C:\laragon\bin\laragon\utils;C:\laragon\bin\mysql\mysql-8.0.30-winx64\bin;C:\laragon\bin\nginx\nginx-1.22.0;C:\laragon\bin\ngrok;C:\laragon\bin\nodejs\node-v18;C:\laragon\bin\notepad++;C:\laragon\bin\php\php-8.3.12-Win32-vs16-x64;C:\laragon\bin\python\python-3.10;C:\laragon\bin\python\python-3.10\Scripts;C:\laragon\bin\redis\redis-x64-5.0.14.1;C:\laragon\bin\telnet;C:\laragon\usr\bin;C:\Users\PUTRI\AppData\Local\Yarn\config\global\node_modules\.bin;C:\Users\PUTRI\AppData\Roaming\Composer\vendor\bin;C:\Users\PUTRI\AppData\Roaming\npm;C:\Users\PUTRI\AppData\Local\Programs\Python\Python313\Scripts\;C:\Users\PUTRI\AppData\Local\Programs\Python\Python313\;C:\Users\PUTRI\AppData\Local\Programs\Python\Python310\Scripts\;C:\Users\PUTRI\AppData\Local\Programs\Python\Python310\;C:\Users\PUTRI\AppData\Local\Microsoft\WindowsApps;C:\Users\PUTRI\AppData\Local\Programs\Microsoft VS Code\bin;C:\Users\PUTRI\AppData\Local\GitHubDesktop\bin;;C:\Users\PUTRI\.bun\bin;%USERPROFILE%\AppData\Local\Microsoft\WindowsApps
PROCESSOR_REVISION=8d01
GTK_BASEPATH=C:\Program Files (x86)\GtkSharp\2.12\
TEMP=C:\Users\PUTRI\AppData\Local\Temp
USERPROFILE=C:\Users\PUTRI
LOGONSERVER=\\PUTRIFAWWAZ
TERM=xterm-256color
USERNAME=PUTRI
SystemRoot=C:\WINDOWS
CHROME_CRASHPAD_PIPE_NAME=\\.\pipe\crashpad_15636_NYNHCQLZBFMNDPHN
GIT_EXEC_PATH=C:/Program Files/Git/mingw64/libexec/git-core
PLINK_PROTOCOL=ssh
OneDrive=C:\Users\PUTRI\OneDrive
USERDOMAIN_ROAMINGPROFILE=PUTRIFAWWAZ
EFC_26236_1592913036=1
CommonProgramFiles=C:\Program Files\Common Files
ZES_ENABLE_SYSMAN=1
VSCODE_PYTHON_AUTOACTIVATE_GUARD=1
ProgramData=C:\ProgramData
LANG=en_US.UTF-8
HOMEPATH=\Users\PUTRI
OneDriveConsumer=C:\Users\PUTRI\OneDrive
COMPUTERNAME=PUTRIFAWWAZ
VSCODE_INJECTION=1
ALLUSERSPROFILE=C:\ProgramData
CommonProgramW6432=C:\Program Files\Common Files
SESSIONNAME=Console
DriverData=C:\Windows\System32\Drivers\DriverData
HOMEDRIVE=C:
windir=C:\WINDOWS
GIT_TRACE2_PARENT_SID=9e74c9b3-a953-47a9-80a2-6f5ae3fc3b18
NUMBER_OF_PROCESSORS=12
OS=Windows_NT
ProgramFiles=C:\Program Files
ComSpec=C:\WINDOWS\system32\cmd.exe
PATHEXT=.COM;.EXE;.BAT;.CMD;.VBS;.VBE;.JS;.JSE;.WSF;.WSH;.MSC;.CPL
HOME=C:\Users\PUTRI
JAVA_HOME=C:\Program Files\Java\jdk-23
PSModulePath=C:\Users\PUTRI\Documents\WindowsPowerShell\Modules;C:\Program Files\WindowsPowerShell\Modules;C:\WINDOWS\system32\WindowsPowerShell\v1.0\Modules
TMPDIR=C:\Users\PUTRI\AppData\Local\Temp
APPDATA=C:\Users\PUTRI\AppData\Roaming
USERDOMAIN=PUTRIFAWWAZ
PROCESSOR_LEVEL=6
LOCALAPPDATA=C:\Users\PUTRI\AppData\Local
EFC_26236_4126798990=1
TERM_PROGRAM_VERSION=1.127.0
CommonProgramFiles(x86)=C:\Program Files (x86)\Common Files
COLORTERM=truecolor
PUBLIC=C:\Users\Public
TERM_PROGRAM=vscode


------------
Diagnostic: File system
Skipped: False
Success: True
Exception: None
Log:
Temporary directory is 'C:\Users\PUTRI\AppData\Local\Temp\'...
Checking basic file I/O...
Writing to temporary file 'C:\Users\PUTRI\AppData\Local\Temp\a656474f817f75a4739aae29'... OK
Reading from temporary file 'C:\Users\PUTRI\AppData\Local\Temp\a656474f817f75a4739aae29'... OK
Deleting temporary file 'C:\Users\PUTRI\AppData\Local\Temp\a656474f817f75a4739aae29'... OK
Testing IFileSystem instance...
UserHomePath: C:\Users\PUTRI
UserDataDirectoryPath: C:\Users\PUTRI\.gcm
GetCurrentDirectory(): C:\Users\PUTRI\Documents\SEMESTER 8\TUGAS AKHIR\TA_Putri Nabilah Fawwaz

------------
Diagnostic: Networking
Skipped: False
Success: True
Exception: None
Log:
Checking networking and HTTP stack...
Creating HTTP client... OK
IsNetworkAvailable: True
Sending HEAD request to http://example.com... OK
Sending HEAD request to https://example.com... OK
Acquiring free TCP port... OK
Testing local HTTP loopback connections...
Creating new HTTP listener for http://localhost:64385/... OK
Waiting for loopback connection... OK
Writing response... OK
Waiting for response data... OK
Loopback connection data OK

------------
Diagnostic: Git
Skipped: False
Success: True
Exception: None
Log:
Getting Git version... OK
Git version is '2.55.0.windows.1'
Locating current repository...Git repository at 'C:/Users/PUTRI/Documents/SEMESTER 8/TUGAS AKHIR/TA_Putri Nabilah Fawwaz/.git'
 OK
Listing all Git configuration... OK
Git configuration:
file:C:/Program Files/Git/etc/gitconfig	diff.astextplain.textconv=astextplain
file:C:/Program Files/Git/etc/gitconfig	filter.lfs.clean=git-lfs clean -- %f
file:C:/Program Files/Git/etc/gitconfig	filter.lfs.smudge=git-lfs smudge -- %f
file:C:/Program Files/Git/etc/gitconfig	filter.lfs.process=git-lfs filter-process
file:C:/Program Files/Git/etc/gitconfig	filter.lfs.required=true
file:C:/Program Files/Git/etc/gitconfig	http.sslbackend=openssl
file:C:/Program Files/Git/etc/gitconfig	http.sslcainfo=C:/Program Files/Git/mingw64/etc/ssl/certs/ca-bundle.crt
file:C:/Program Files/Git/etc/gitconfig	core.autocrlf=true
file:C:/Program Files/Git/etc/gitconfig	core.fscache=true
file:C:/Program Files/Git/etc/gitconfig	core.symlinks=false
file:C:/Program Files/Git/etc/gitconfig	pull.rebase=false
file:C:/Program Files/Git/etc/gitconfig	credential.helper=manager
file:C:/Program Files/Git/etc/gitconfig	credential.https://dev.azure.com.usehttppath=true
file:C:/Program Files/Git/etc/gitconfig	init.defaultbranch=master
file:C:/Users/PUTRI/.gitconfig	core.editor="C:\Users\PUTRI\AppData\Local\Programs\Microsoft VS Code\bin\code" --wait
file:C:/Users/PUTRI/.gitconfig	core.autocrlf=true
file:C:/Users/PUTRI/.gitconfig	user.email=pputrinf@gmail.com
file:C:/Users/PUTRI/.gitconfig	user.name=putrifawwaz
file:C:/Users/PUTRI/.gitconfig	filter.lfs.required=true
file:C:/Users/PUTRI/.gitconfig	filter.lfs.clean=git-lfs clean -- %f
file:C:/Users/PUTRI/.gitconfig	filter.lfs.smudge=git-lfs smudge -- %f
file:C:/Users/PUTRI/.gitconfig	filter.lfs.process=git-lfs filter-process
file:C:/Users/PUTRI/.gitconfig	difftool.sourcetree.cmd='' 
file:C:/Users/PUTRI/.gitconfig	mergetool.sourcetree.cmd='' 
file:C:/Users/PUTRI/.gitconfig	mergetool.sourcetree.trustexitcode=true
file:.git/config	core.repositoryformatversion=0
file:.git/config	core.filemode=false
file:.git/config	core.bare=false
file:.git/config	core.logallrefupdates=true
file:.git/config	core.symlinks=false
file:.git/config	core.ignorecase=true
file:.git/config	remote.origin.url=https://github.com/putrifawwaz/TugasAkhir.git
file:.git/config	remote.origin.fetch=+refs/heads/*:refs/remotes/origin/*
file:.git/config	branch.main.remote=origin
file:.git/config	branch.main.merge=refs/heads/main


------------
Diagnostic: Credential storage
Skipped: False
Success: True
Exception: None
Log:
ICredentialStore instance is of type: CredentialStore
Writing test credential... OK
Reading test credential... OK
Deleting test credential... OK

------------
Diagnostic: Microsoft authentication (AAD/MSA)
Skipped: False
Success: True
Exception: None
Log:
Broker is not enabled.
Flow type is: Auto
Gathering MSAL token cache data... OK
CacheDirectory: C:\Users\PUTRI\AppData\Local\.IdentityService
CacheFileName: msal.cache
CacheFilePath: C:\Users\PUTRI\AppData\Local\.IdentityService\msal.cache
Creating cache helper... OK
Verifying MSAL token cache persistence... OK

------------
Diagnostic: GitHub API
Skipped: False
Success: False
Exception:
System.Net.Http.HttpRequestException: Response status code does not indicate success: 403 (rate limit exceeded).
   at System.Net.Http.HttpResponseMessage.EnsureSuccessStatusCode()
   at GitHub.GitHubRestApi.<GetMetaInfoAsync>d__5.MoveNext()
--- End of stack trace from previous location where exception was thrown ---
   at System.Runtime.ExceptionServices.ExceptionDispatchInfo.Throw()
   at System.Runtime.CompilerServices.TaskAwaiter.HandleNonSuccessAndDebuggerNotification(Task task)
   at GitHub.Diagnostics.GitHubApiDiagnostic.<RunInternalAsync>d__2.MoveNext()
--- End of stack trace from previous location where exception was thrown ---
   at System.Runtime.ExceptionServices.ExceptionDispatchInfo.Throw()
   at System.Runtime.CompilerServices.TaskAwaiter.HandleNonSuccessAndDebuggerNotification(Task task)
   at GitCredentialManager.Diagnostics.Diagnostic.<RunAsync>d__6.MoveNext()
Log:
Using 'https://github.com/' as API target.
Querying '/meta' endpoint...
